Started by user [8mha:////4DedyUxqxdhxmt/KjM/DP8ygM0ICR00WXUb4TMp/IP3KAAAAlh+LCAAAAAAAAP9b85aBtbiIQTGjNKU4P08vOT+vOD8nVc83PyU1x6OyILUoJzMv2y+/JJUBAhiZGBgqihhk0NSjKDWzXb3RdlLBUSYGJk8GtpzUvPSSDB8G5tKinBIGIZ+sxLJE/ZzEvHT94JKizLx0a6BxUmjGOUNodHsLgAyOEgYu/dLi1CL9xKSMTADbVaqevwAAAA==[0mAbhilash
Running as SYSTEM
Building on master in workspace /var/lib/jenkins/workspace/deployTomcatWar
The recommended git tool is: NONE
No credentials specified
 > /usr/bin/git rev-parse --resolve-git-dir /var/lib/jenkins/workspace/deployTomcatWar/.git # timeout=10
Fetching changes from the remote Git repository
 > /usr/bin/git config remote.origin.url https://github.com/meetabhilash/javaproject.git # timeout=10
Fetching upstream changes from https://github.com/meetabhilash/javaproject.git
 > /usr/bin/git --version # timeout=10
 > git --version # 'git version 2.27.0'
 > /usr/bin/git fetch --tags --force --progress -- https://github.com/meetabhilash/javaproject.git +refs/heads/*:refs/remotes/origin/* # timeout=10
 > /usr/bin/git rev-parse refs/remotes/origin/master^{commit} # timeout=10
Checking out Revision 40ed9f0fa7ec579e0915cad7b27561de8392c5ae (refs/remotes/origin/master)
 > /usr/bin/git config core.sparsecheckout # timeout=10
 > /usr/bin/git checkout -f 40ed9f0fa7ec579e0915cad7b27561de8392c5ae # timeout=10
Commit message: "Update Application.java"
 > /usr/bin/git rev-list --no-walk 40ed9f0fa7ec579e0915cad7b27561de8392c5ae # timeout=10
[deployTomcatWar] $ /var/lib/jenkins/tools/hudson.tasks.Maven_MavenInstallation/maven1/bin/mvn clean install
[INFO] Scanning for projects...
[INFO] 
[INFO] ---------------------< sample.program:simple-app >----------------------
[INFO] Building simple-app 1.0
[INFO] --------------------------------[ jar ]---------------------------------
[INFO] 
[8mha:////4G8Tn3bS97KtouGa/NRoiKMxLmfUG+0IoObKJkbcqGQRAAAAYB+LCAAAAAAAAP9b85aBtbiIQSmjNKU4P0+vJLE4u1gvPjexLDVPzxdEGvvmZ+X75Zek2mxOX+vh68DGxMBQUcQgBdWQnJ9XnJ+TqucMoUEKGSCAEaSwAAAn9LoiYAAAAA==[0m[INFO] --- maven-clean-plugin:2.5:clean (default-clean) @ simple-app ---
[INFO] Deleting /var/lib/jenkins/workspace/deployTomcatWar/target
[INFO] 
[8mha:////4G8Tn3bS97KtouGa/NRoiKMxLmfUG+0IoObKJkbcqGQRAAAAYB+LCAAAAAAAAP9b85aBtbiIQSmjNKU4P0+vJLE4u1gvPjexLDVPzxdEGvvmZ+X75Zek2mxOX+vh68DGxMBQUcQgBdWQnJ9XnJ+TqucMoUEKGSCAEaSwAAAn9LoiYAAAAA==[0m[INFO] --- maven-resources-plugin:2.6:resources (default-resources) @ simple-app ---
[8mha:////4LcKy3RBDpor74rBq6WjcQ2IrtIGkbn9HXOKPt6codHoAAAAYh+LCAAAAAAAAP9b85aBtbiIQSWjNKU4P0+vJLE4u1gvPjexLDVPzxdEhicW5WXmpfvll6SeOJwgmrt9CSsTA0NFEYMUVEtyfl5xfk6qnjOEBilkgABGkMICAEQzmI1iAAAA[0m[WARNING] Using platform encoding (UTF-8 actually) to copy filtered resources, i.e. build is platform dependent!
[INFO] Copying 1 resource
[INFO] 
[8mha:////4G8Tn3bS97KtouGa/NRoiKMxLmfUG+0IoObKJkbcqGQRAAAAYB+LCAAAAAAAAP9b85aBtbiIQSmjNKU4P0+vJLE4u1gvPjexLDVPzxdEGvvmZ+X75Zek2mxOX+vh68DGxMBQUcQgBdWQnJ9XnJ+TqucMoUEKGSCAEaSwAAAn9LoiYAAAAA==[0m[INFO] --- maven-compiler-plugin:3.1:compile (default-compile) @ simple-app ---
[INFO] Changes detected - recompiling the module!
[8mha:////4LcKy3RBDpor74rBq6WjcQ2IrtIGkbn9HXOKPt6codHoAAAAYh+LCAAAAAAAAP9b85aBtbiIQSWjNKU4P0+vJLE4u1gvPjexLDVPzxdEhicW5WXmpfvll6SeOJwgmrt9CSsTA0NFEYMUVEtyfl5xfk6qnjOEBilkgABGkMICAEQzmI1iAAAA[0m[WARNING] File encoding has not been set, using platform encoding UTF-8, i.e. build is platform dependent!
[INFO] Compiling 1 source file to /var/lib/jenkins/workspace/deployTomcatWar/target/classes
[INFO] 
[8mha:////4G8Tn3bS97KtouGa/NRoiKMxLmfUG+0IoObKJkbcqGQRAAAAYB+LCAAAAAAAAP9b85aBtbiIQSmjNKU4P0+vJLE4u1gvPjexLDVPzxdEGvvmZ+X75Zek2mxOX+vh68DGxMBQUcQgBdWQnJ9XnJ+TqucMoUEKGSCAEaSwAAAn9LoiYAAAAA==[0m[INFO] --- maven-resources-plugin:2.6:testResources (default-testResources) @ simple-app ---
[8mha:////4LcKy3RBDpor74rBq6WjcQ2IrtIGkbn9HXOKPt6codHoAAAAYh+LCAAAAAAAAP9b85aBtbiIQSWjNKU4P0+vJLE4u1gvPjexLDVPzxdEhicW5WXmpfvll6SeOJwgmrt9CSsTA0NFEYMUVEtyfl5xfk6qnjOEBilkgABGkMICAEQzmI1iAAAA[0m[WARNING] Using platform encoding (UTF-8 actually) to copy filtered resources, i.e. build is platform dependent!
[INFO] Copying 1 resource
[INFO] 
[8mha:////4G8Tn3bS97KtouGa/NRoiKMxLmfUG+0IoObKJkbcqGQRAAAAYB+LCAAAAAAAAP9b85aBtbiIQSmjNKU4P0+vJLE4u1gvPjexLDVPzxdEGvvmZ+X75Zek2mxOX+vh68DGxMBQUcQgBdWQnJ9XnJ+TqucMoUEKGSCAEaSwAAAn9LoiYAAAAA==[0m[INFO] --- maven-compiler-plugin:3.1:testCompile (default-testCompile) @ simple-app ---
[INFO] Changes detected - recompiling the module!
[8mha:////4LcKy3RBDpor74rBq6WjcQ2IrtIGkbn9HXOKPt6codHoAAAAYh+LCAAAAAAAAP9b85aBtbiIQSWjNKU4P0+vJLE4u1gvPjexLDVPzxdEhicW5WXmpfvll6SeOJwgmrt9CSsTA0NFEYMUVEtyfl5xfk6qnjOEBilkgABGkMICAEQzmI1iAAAA[0m[WARNING] File encoding has not been set, using platform encoding UTF-8, i.e. build is platform dependent!
[INFO] Compiling 1 source file to /var/lib/jenkins/workspace/deployTomcatWar/target/test-classes
[INFO] 
[8mha:////4G8Tn3bS97KtouGa/NRoiKMxLmfUG+0IoObKJkbcqGQRAAAAYB+LCAAAAAAAAP9b85aBtbiIQSmjNKU4P0+vJLE4u1gvPjexLDVPzxdEGvvmZ+X75Zek2mxOX+vh68DGxMBQUcQgBdWQnJ9XnJ+TqucMoUEKGSCAEaSwAAAn9LoiYAAAAA==[0m[INFO] --- maven-surefire-plugin:2.12.4:test (default-test) @ simple-app ---
[INFO] Surefire report directory: /var/lib/jenkins/workspace/deployTomcatWar/target/surefire-reports

-------------------------------------------------------
 T E S T S
-------------------------------------------------------
Running program.sample.controller.ApplicationTest
Addition of 10,20 is: 30
Multiplication of 10,20 is: 200
Tests run: 2, Failures: 0, Errors: 0, Skipped: 0, Time elapsed: 0.018 sec

Results :

Tests run: 2, Failures: 0, Errors: 0, Skipped: 0

[INFO] 
[8mha:////4G8Tn3bS97KtouGa/NRoiKMxLmfUG+0IoObKJkbcqGQRAAAAYB+LCAAAAAAAAP9b85aBtbiIQSmjNKU4P0+vJLE4u1gvPjexLDVPzxdEGvvmZ+X75Zek2mxOX+vh68DGxMBQUcQgBdWQnJ9XnJ+TqucMoUEKGSCAEaSwAAAn9LoiYAAAAA==[0m[INFO] --- maven-jar-plugin:2.4:jar (default-jar) @ simple-app ---
[INFO] Building jar: /var/lib/jenkins/workspace/deployTomcatWar/target/simple-app-1.0.jar
[INFO] 
[8mha:////4G8Tn3bS97KtouGa/NRoiKMxLmfUG+0IoObKJkbcqGQRAAAAYB+LCAAAAAAAAP9b85aBtbiIQSmjNKU4P0+vJLE4u1gvPjexLDVPzxdEGvvmZ+X75Zek2mxOX+vh68DGxMBQUcQgBdWQnJ9XnJ+TqucMoUEKGSCAEaSwAAAn9LoiYAAAAA==[0m[INFO] --- maven-install-plugin:2.4:install (default-install) @ simple-app ---
[INFO] Installing /var/lib/jenkins/workspace/deployTomcatWar/target/simple-app-1.0.jar to /var/lib/jenkins/.m2/repository/sample/program/simple-app/1.0/simple-app-1.0.jar
[INFO] Installing /var/lib/jenkins/workspace/deployTomcatWar/pom.xml to /var/lib/jenkins/.m2/repository/sample/program/simple-app/1.0/simple-app-1.0.pom
[INFO] ------------------------------------------------------------------------
[INFO] BUILD SUCCESS
[INFO] ------------------------------------------------------------------------
[INFO] Total time:  6.483 s
[INFO] Finished at: 2022-02-28T19:06:36Z
[INFO] ------------------------------------------------------------------------
ERROR: Step â€˜Deploy war/ear to a containerâ€™ aborted due to exception: 
java.lang.InterruptedException: [DeployPublisher][WARN] No wars found. Deploy aborted. %n
	at hudson.plugins.deploy.DeployPublisher.perform(DeployPublisher.java:107)
	at jenkins.tasks.SimpleBuildStep.perform(SimpleBuildStep.java:123)
	at hudson.tasks.BuildStepCompatibilityLayer.perform(BuildStepCompatibilityLayer.java:80)
	at hudson.tasks.BuildStepMonitor$3.perform(BuildStepMonitor.java:45)
	at hudson.model.AbstractBuild$AbstractBuildExecution.perform(AbstractBuild.java:803)
	at hudson.model.AbstractBuild$AbstractBuildExecution.performAllBuildSteps(AbstractBuild.java:752)
	at hudson.model.Build$BuildExecution.post2(Build.java:177)
	at hudson.model.AbstractBuild$AbstractBuildExecution.post(AbstractBuild.java:697)
	at hudson.model.Run.execute(Run.java:1931)
	at hudson.model.FreeStyleBuild.run(FreeStyleBuild.java:43)
	at hudson.model.ResourceController.execute(ResourceController.java:97)
	at hudson.model.Executor.run(Executor.java:429)
Finished: FAILURE
