Started by user [8mha:////4DedyUxqxdhxmt/KjM/DP8ygM0ICR00WXUb4TMp/IP3KAAAAlh+LCAAAAAAAAP9b85aBtbiIQTGjNKU4P08vOT+vOD8nVc83PyU1x6OyILUoJzMv2y+/JJUBAhiZGBgqihhk0NSjKDWzXb3RdlLBUSYGJk8GtpzUvPSSDB8G5tKinBIGIZ+sxLJE/ZzEvHT94JKizLx0a6BxUmjGOUNodHsLgAyOEgYu/dLi1CL9xKSMTADbVaqevwAAAA==[0mAbhilash
Running as SYSTEM
Building on master in workspace /var/lib/jenkins/workspace/deployTomcatWar
The recommended git tool is: NONE
No credentials specified
 > /usr/bin/git rev-parse --resolve-git-dir /var/lib/jenkins/workspace/deployTomcatWar/.git # timeout=10
Fetching changes from the remote Git repository
 > /usr/bin/git config remote.origin.url https://github.com/efsavage/hello-world-war.git # timeout=10
Fetching upstream changes from https://github.com/efsavage/hello-world-war.git
 > /usr/bin/git --version # timeout=10
 > git --version # 'git version 2.27.0'
 > /usr/bin/git fetch --tags --force --progress -- https://github.com/efsavage/hello-world-war.git +refs/heads/*:refs/remotes/origin/* # timeout=10
 > /usr/bin/git rev-parse refs/remotes/origin/master^{commit} # timeout=10
Checking out Revision 157ee76ce127d16ae7e5b4d811b08f3df9871a37 (refs/remotes/origin/master)
 > /usr/bin/git config core.sparsecheckout # timeout=10
 > /usr/bin/git checkout -f 157ee76ce127d16ae7e5b4d811b08f3df9871a37 # timeout=10
Commit message: "Merge branch 'master' of github.com:efsavage/hello-world-war"
First time build. Skipping changelog.
[deployTomcatWar] $ /var/lib/jenkins/tools/hudson.tasks.Maven_MavenInstallation/maven1/bin/mvn clean install
[INFO] Scanning for projects...
[INFO] 
[INFO] --------------------< com.efsavage:hello-world-war >--------------------
[INFO] Building Hello World Web Application Repository 1.0.0
[INFO] --------------------------------[ war ]---------------------------------
Downloading from central: https://repo.maven.apache.org/maven2/org/apache/maven/plugins/maven-war-plugin/2.1.1/maven-war-plugin-2.1.1.pom
Progress (1): 2.7/6.6 kBProgress (1): 5.5/6.6 kBProgress (1): 6.6 kB                        Downloaded from central: https://repo.maven.apache.org/maven2/org/apache/maven/plugins/maven-war-plugin/2.1.1/maven-war-plugin-2.1.1.pom (6.6 kB at 4.4 kB/s)
Downloading from central: https://repo.maven.apache.org/maven2/org/apache/maven/plugins/maven-plugins/18/maven-plugins-18.pom
Progress (1): 2.7/13 kBProgress (1): 5.5/13 kBProgress (1): 8.2/13 kBProgress (1): 11/13 kB Progress (1): 13 kB                      Downloaded from central: https://repo.maven.apache.org/maven2/org/apache/maven/plugins/maven-plugins/18/maven-plugins-18.pom (13 kB at 32 kB/s)
Downloading from central: https://repo.maven.apache.org/maven2/org/apache/maven/maven-parent/16/maven-parent-16.pom
Progress (1): 2.7/23 kBProgress (1): 5.5/23 kBProgress (1): 8.2/23 kBProgress (1): 11/23 kB Progress (1): 14/23 kBProgress (1): 16/23 kBProgress (1): 19/23 kBProgress (1): 21/23 kBProgress (1): 23 kB                      Downloaded from central: https://repo.maven.apache.org/maven2/org/apache/maven/maven-parent/16/maven-parent-16.pom (23 kB at 53 kB/s)
Downloading from central: https://repo.maven.apache.org/maven2/org/apache/apache/7/apache-7.pom
Progress (1): 2.7/14 kBProgress (1): 5.5/14 kBProgress (1): 8.2/14 kBProgress (1): 11/14 kB Progress (1): 14/14 kBProgress (1): 14 kB                      Downloaded from central: https://repo.maven.apache.org/maven2/org/apache/apache/7/apache-7.pom (14 kB at 36 kB/s)
Downloading from central: https://repo.maven.apache.org/maven2/org/apache/maven/plugins/maven-war-plugin/2.1.1/maven-war-plugin-2.1.1.jar
Progress (1): 4.1/77 kBProgress (1): 8.2/77 kBProgress (1): 12/77 kB Progress (1): 16/77 kBProgress (1): 20/77 kBProgress (1): 24/77 kBProgress (1): 28/77 kBProgress (1): 32/77 kBProgress (1): 36/77 kBProgress (1): 40/77 kBProgress (1): 44/77 kBProgress (1): 49/77 kBProgress (1): 53/77 kBProgress (1): 57/77 kBProgress (1): 61/77 kBProgress (1): 65/77 kBProgress (1): 69/77 kBProgress (1): 73/77 kBProgress (1): 77/77 kBProgress (1): 77 kB                      Downloaded from central: https://repo.maven.apache.org/maven2/org/apache/maven/plugins/maven-war-plugin/2.1.1/maven-war-plugin-2.1.1.jar (77 kB at 131 kB/s)
[INFO] 
[8mha:////4G8Tn3bS97KtouGa/NRoiKMxLmfUG+0IoObKJkbcqGQRAAAAYB+LCAAAAAAAAP9b85aBtbiIQSmjNKU4P0+vJLE4u1gvPjexLDVPzxdEGvvmZ+X75Zek2mxOX+vh68DGxMBQUcQgBdWQnJ9XnJ+TqucMoUEKGSCAEaSwAAAn9LoiYAAAAA==[0m[INFO] --- maven-clean-plugin:2.5:clean (default-clean) @ hello-world-war ---
[INFO] Deleting /var/lib/jenkins/workspace/deployTomcatWar/target
[INFO] 
[8mha:////4G8Tn3bS97KtouGa/NRoiKMxLmfUG+0IoObKJkbcqGQRAAAAYB+LCAAAAAAAAP9b85aBtbiIQSmjNKU4P0+vJLE4u1gvPjexLDVPzxdEGvvmZ+X75Zek2mxOX+vh68DGxMBQUcQgBdWQnJ9XnJ+TqucMoUEKGSCAEaSwAAAn9LoiYAAAAA==[0m[INFO] --- maven-resources-plugin:2.6:resources (default-resources) @ hello-world-war ---
[8mha:////4LcKy3RBDpor74rBq6WjcQ2IrtIGkbn9HXOKPt6codHoAAAAYh+LCAAAAAAAAP9b85aBtbiIQSWjNKU4P0+vJLE4u1gvPjexLDVPzxdEhicW5WXmpfvll6SeOJwgmrt9CSsTA0NFEYMUVEtyfl5xfk6qnjOEBilkgABGkMICAEQzmI1iAAAA[0m[WARNING] Using platform encoding (UTF-8 actually) to copy filtered resources, i.e. build is platform dependent!
[INFO] skip non existing resourceDirectory /var/lib/jenkins/workspace/deployTomcatWar/src/main/resources
[INFO] 
[8mha:////4G8Tn3bS97KtouGa/NRoiKMxLmfUG+0IoObKJkbcqGQRAAAAYB+LCAAAAAAAAP9b85aBtbiIQSmjNKU4P0+vJLE4u1gvPjexLDVPzxdEGvvmZ+X75Zek2mxOX+vh68DGxMBQUcQgBdWQnJ9XnJ+TqucMoUEKGSCAEaSwAAAn9LoiYAAAAA==[0m[INFO] --- maven-compiler-plugin:3.1:compile (default-compile) @ hello-world-war ---
[INFO] No sources to compile
[INFO] 
[8mha:////4G8Tn3bS97KtouGa/NRoiKMxLmfUG+0IoObKJkbcqGQRAAAAYB+LCAAAAAAAAP9b85aBtbiIQSmjNKU4P0+vJLE4u1gvPjexLDVPzxdEGvvmZ+X75Zek2mxOX+vh68DGxMBQUcQgBdWQnJ9XnJ+TqucMoUEKGSCAEaSwAAAn9LoiYAAAAA==[0m[INFO] --- maven-resources-plugin:2.6:testResources (default-testResources) @ hello-world-war ---
[8mha:////4LcKy3RBDpor74rBq6WjcQ2IrtIGkbn9HXOKPt6codHoAAAAYh+LCAAAAAAAAP9b85aBtbiIQSWjNKU4P0+vJLE4u1gvPjexLDVPzxdEhicW5WXmpfvll6SeOJwgmrt9CSsTA0NFEYMUVEtyfl5xfk6qnjOEBilkgABGkMICAEQzmI1iAAAA[0m[WARNING] Using platform encoding (UTF-8 actually) to copy filtered resources, i.e. build is platform dependent!
[INFO] skip non existing resourceDirectory /var/lib/jenkins/workspace/deployTomcatWar/src/test/resources
[INFO] 
[8mha:////4G8Tn3bS97KtouGa/NRoiKMxLmfUG+0IoObKJkbcqGQRAAAAYB+LCAAAAAAAAP9b85aBtbiIQSmjNKU4P0+vJLE4u1gvPjexLDVPzxdEGvvmZ+X75Zek2mxOX+vh68DGxMBQUcQgBdWQnJ9XnJ+TqucMoUEKGSCAEaSwAAAn9LoiYAAAAA==[0m[INFO] --- maven-compiler-plugin:3.1:testCompile (default-testCompile) @ hello-world-war ---
[INFO] No sources to compile
[INFO] 
[8mha:////4G8Tn3bS97KtouGa/NRoiKMxLmfUG+0IoObKJkbcqGQRAAAAYB+LCAAAAAAAAP9b85aBtbiIQSmjNKU4P0+vJLE4u1gvPjexLDVPzxdEGvvmZ+X75Zek2mxOX+vh68DGxMBQUcQgBdWQnJ9XnJ+TqucMoUEKGSCAEaSwAAAn9LoiYAAAAA==[0m[INFO] --- maven-surefire-plugin:2.12.4:test (default-test) @ hello-world-war ---
[INFO] No tests to run.
[INFO] 
[8mha:////4G8Tn3bS97KtouGa/NRoiKMxLmfUG+0IoObKJkbcqGQRAAAAYB+LCAAAAAAAAP9b85aBtbiIQSmjNKU4P0+vJLE4u1gvPjexLDVPzxdEGvvmZ+X75Zek2mxOX+vh68DGxMBQUcQgBdWQnJ9XnJ+TqucMoUEKGSCAEaSwAAAn9LoiYAAAAA==[0m[INFO] --- maven-war-plugin:2.1.1:war (default-war) @ hello-world-war ---
Downloading from central: https://repo.maven.apache.org/maven2/org/apache/maven/maven-archiver/2.4.1/maven-archiver-2.4.1.pom
Progress (1): 4.0 kB                    Downloaded from central: https://repo.maven.apache.org/maven2/org/apache/maven/maven-archiver/2.4.1/maven-archiver-2.4.1.pom (4.0 kB at 11 kB/s)
Downloading from central: https://repo.maven.apache.org/maven2/org/apache/maven/shared/maven-shared-components/15/maven-shared-components-15.pom
Progress (1): 4.1/9.3 kBProgress (1): 8.2/9.3 kBProgress (1): 9.3 kB                        Downloaded from central: https://repo.maven.apache.org/maven2/org/apache/maven/shared/maven-shared-components/15/maven-shared-components-15.pom (9.3 kB at 25 kB/s)
Downloading from central: https://repo.maven.apache.org/maven2/org/codehaus/plexus/plexus-archiver/1.0/plexus-archiver-1.0.pom
Progress (1): 1.6 kB                    Downloaded from central: https://repo.maven.apache.org/maven2/org/codehaus/plexus/plexus-archiver/1.0/plexus-archiver-1.0.pom (1.6 kB at 4.4 kB/s)
Downloading from central: https://repo.maven.apache.org/maven2/org/codehaus/plexus/plexus-components/1.1.17/plexus-components-1.1.17.pom
Progress (1): 4.1/5.2 kBProgress (1): 5.2 kB                        Downloaded from central: https://repo.maven.apache.org/maven2/org/codehaus/plexus/plexus-components/1.1.17/plexus-components-1.1.17.pom (5.2 kB at 14 kB/s)
Downloading from central: https://repo.maven.apache.org/maven2/org/codehaus/plexus/plexus/2.0.5/plexus-2.0.5.pom
Progress (1): 4.1/17 kBProgress (1): 8.2/17 kBProgress (1): 12/17 kB Progress (1): 16/17 kBProgress (1): 17 kB                      Downloaded from central: https://repo.maven.apache.org/maven2/org/codehaus/plexus/plexus/2.0.5/plexus-2.0.5.pom (17 kB at 46 kB/s)
Downloading from central: https://repo.maven.apache.org/maven2/org/codehaus/plexus/plexus-io/1.0/plexus-io-1.0.pom
Progress (1): 1.2 kB                    Downloaded from central: https://repo.maven.apache.org/maven2/org/codehaus/plexus/plexus-io/1.0/plexus-io-1.0.pom (1.2 kB at 3.3 kB/s)
Downloading from central: https://repo.maven.apache.org/maven2/org/codehaus/plexus/plexus-archiver/1.2/plexus-archiver-1.2.pom
Progress (1): 2.0 kB                    Downloaded from central: https://repo.maven.apache.org/maven2/org/codehaus/plexus/plexus-archiver/1.2/plexus-archiver-1.2.pom (2.0 kB at 5.5 kB/s)
Downloading from central: https://repo.maven.apache.org/maven2/org/codehaus/plexus/plexus-components/1.1.18/plexus-components-1.1.18.pom
Progress (1): 4.1/5.4 kBProgress (1): 5.4 kB                        Downloaded from central: https://repo.maven.apache.org/maven2/org/codehaus/plexus/plexus-components/1.1.18/plexus-components-1.1.18.pom (5.4 kB at 14 kB/s)
Downloading from central: https://repo.maven.apache.org/maven2/org/codehaus/plexus/plexus-io/1.0.1/plexus-io-1.0.1.pom
Progress (1): 1.2 kB                    Downloaded from central: https://repo.maven.apache.org/maven2/org/codehaus/plexus/plexus-io/1.0.1/plexus-io-1.0.1.pom (1.2 kB at 3.2 kB/s)
Downloading from central: https://repo.maven.apache.org/maven2/com/thoughtworks/xstream/xstream/1.3.1/xstream-1.3.1.pom
Progress (1): 4.1/11 kBProgress (1): 8.2/11 kBProgress (1): 11 kB                       Downloaded from central: https://repo.maven.apache.org/maven2/com/thoughtworks/xstream/xstream/1.3.1/xstream-1.3.1.pom (11 kB at 31 kB/s)
Downloading from central: https://repo.maven.apache.org/maven2/com/thoughtworks/xstream/xstream-parent/1.3.1/xstream-parent-1.3.1.pom
Progress (1): 4.1/14 kBProgress (1): 8.2/14 kBProgress (1): 12/14 kB Progress (1): 14 kB                      Downloaded from central: https://repo.maven.apache.org/maven2/com/thoughtworks/xstream/xstream-parent/1.3.1/xstream-parent-1.3.1.pom (14 kB at 37 kB/s)
Downloading from central: https://repo.maven.apache.org/maven2/xpp3/xpp3_min/1.1.4c/xpp3_min-1.1.4c.pom
Progress (1): 1.6 kB                    Downloaded from central: https://repo.maven.apache.org/maven2/xpp3/xpp3_min/1.1.4c/xpp3_min-1.1.4c.pom (1.6 kB at 4.4 kB/s)
Downloading from central: https://repo.maven.apache.org/maven2/org/apache/maven/shared/maven-filtering/1.0-beta-2/maven-filtering-1.0-beta-2.pom
Progress (1): 4.0 kB                    Downloaded from central: https://repo.maven.apache.org/maven2/org/apache/maven/shared/maven-filtering/1.0-beta-2/maven-filtering-1.0-beta-2.pom (4.0 kB at 11 kB/s)
Downloading from central: https://repo.maven.apache.org/maven2/org/apache/maven/shared/maven-shared-components/10/maven-shared-components-10.pom
Progress (1): 4.1/8.4 kBProgress (1): 8.2/8.4 kBProgress (1): 8.4 kB                        Downloaded from central: https://repo.maven.apache.org/maven2/org/apache/maven/shared/maven-shared-components/10/maven-shared-components-10.pom (8.4 kB at 23 kB/s)
Downloading from central: https://repo.maven.apache.org/maven2/org/apache/maven/maven-parent/9/maven-parent-9.pom
Progress (1): 4.1/33 kBProgress (1): 8.2/33 kBProgress (1): 12/33 kB Progress (1): 16/33 kBProgress (1): 20/33 kBProgress (1): 24/33 kBProgress (1): 28/33 kBProgress (1): 32/33 kBProgress (1): 33 kB                      Downloaded from central: https://repo.maven.apache.org/maven2/org/apache/maven/maven-parent/9/maven-parent-9.pom (33 kB at 84 kB/s)
Downloading from central: https://repo.maven.apache.org/maven2/org/codehaus/plexus/plexus-utils/1.5.6/plexus-utils-1.5.6.pom
Progress (1): 4.1/5.3 kBProgress (1): 5.3 kB                        Downloaded from central: https://repo.maven.apache.org/maven2/org/codehaus/plexus/plexus-utils/1.5.6/plexus-utils-1.5.6.pom (5.3 kB at 14 kB/s)
Downloading from central: https://repo.maven.apache.org/maven2/org/codehaus/plexus/plexus/1.0.12/plexus-1.0.12.pom
Progress (1): 4.1/9.8 kBProgress (1): 8.2/9.8 kBProgress (1): 9.8 kB                        Downloaded from central: https://repo.maven.apache.org/maven2/org/codehaus/plexus/plexus/1.0.12/plexus-1.0.12.pom (9.8 kB at 26 kB/s)
Downloading from central: https://repo.maven.apache.org/maven2/org/codehaus/plexus/plexus-interpolation/1.6/plexus-interpolation-1.6.pom
Progress (1): 2.9 kB                    Downloaded from central: https://repo.maven.apache.org/maven2/org/codehaus/plexus/plexus-interpolation/1.6/plexus-interpolation-1.6.pom (2.9 kB at 7.9 kB/s)
Downloading from central: https://repo.maven.apache.org/maven2/org/apache/maven/maven-archiver/2.4.1/maven-archiver-2.4.1.jar
Downloading from central: https://repo.maven.apache.org/maven2/org/codehaus/plexus/plexus-archiver/1.2/plexus-archiver-1.2.jar
Downloading from central: https://repo.maven.apache.org/maven2/org/codehaus/plexus/plexus-io/1.0.1/plexus-io-1.0.1.jar
Downloading from central: https://repo.maven.apache.org/maven2/com/thoughtworks/xstream/xstream/1.3.1/xstream-1.3.1.jar
Downloading from central: https://repo.maven.apache.org/maven2/xpp3/xpp3_min/1.1.4c/xpp3_min-1.1.4c.jar
Progress (1): 4.1/20 kBProgress (1): 8.2/20 kBProgress (1): 12/20 kB Progress (1): 16/20 kBProgress (1): 20/20 kBProgress (1): 20 kB                      Downloaded from central: https://repo.maven.apache.org/maven2/org/apache/maven/maven-archiver/2.4.1/maven-archiver-2.4.1.jar (20 kB at 52 kB/s)
Downloading from central: https://repo.maven.apache.org/maven2/org/apache/maven/shared/maven-filtering/1.0-beta-2/maven-filtering-1.0-beta-2.jar
Progress (1): 2.7/182 kBProgress (1): 5.5/182 kBProgress (1): 8.2/182 kBProgress (1): 11/182 kB Progress (1): 14/182 kBProgress (1): 16/182 kBProgress (2): 16/182 kB | 2.7/431 kBProgress (3): 16/182 kB | 2.7/431 kB | 2.7/51 kBProgress (3): 16/182 kB | 2.7/431 kB | 5.5/51 kBProgress (3): 16/182 kB | 2.7/431 kB | 8.2/51 kBProgress (3): 16/182 kB | 2.7/431 kB | 11/51 kB Progress (4): 16/182 kB | 2.7/431 kB | 11/51 kB | 2.7/25 kBProgress (4): 16/182 kB | 2.7/431 kB | 11/51 kB | 5.5/25 kBProgress (4): 16/182 kB | 2.7/431 kB | 11/51 kB | 8.2/25 kBProgress (4): 16/182 kB | 2.7/431 kB | 11/51 kB | 11/25 kB Progress (4): 19/182 kB | 2.7/431 kB | 11/51 kB | 11/25 kBProgress (4): 19/182 kB | 5.5/431 kB | 11/51 kB | 11/25 kBProgress (4): 19/182 kB | 8.2/431 kB | 11/51 kB | 11/25 kBProgress (4): 19/182 kB | 11/431 kB | 11/51 kB | 11/25 kB Progress (4): 19/182 kB | 14/431 kB | 11/51 kB | 11/25 kBProgress (4): 19/182 kB | 16/431 kB | 11/51 kB | 11/25 kBProgress (4): 21/182 kB | 16/431 kB | 11/51 kB | 11/25 kBProgress (4): 21/182 kB | 16/431 kB | 14/51 kB | 11/25 kBProgress (4): 21/182 kB | 16/431 kB | 16/51 kB | 11/25 kBProgress (4): 21/182 kB | 16/431 kB | 16/51 kB | 14/25 kBProgress (4): 21/182 kB | 16/431 kB | 16/51 kB | 16/25 kBProgress (4): 24/182 kB | 16/431 kB | 16/51 kB | 16/25 kBProgress (5): 24/182 kB | 16/431 kB | 16/51 kB | 16/25 kB | 4.1/33 kBProgress (5): 24/182 kB | 16/431 kB | 16/51 kB | 16/25 kB | 8.2/33 kBProgress (5): 24/182 kB | 16/431 kB | 16/51 kB | 16/25 kB | 12/33 kB Progress (5): 24/182 kB | 16/431 kB | 16/51 kB | 16/25 kB | 16/33 kBProgress (5): 24/182 kB | 16/431 kB | 19/51 kB | 16/25 kB | 16/33 kBProgress (5): 24/182 kB | 16/431 kB | 21/51 kB | 16/25 kB | 16/33 kBProgress (5): 24/182 kB | 16/431 kB | 24/51 kB | 16/25 kB | 16/33 kBProgress (5): 24/182 kB | 16/431 kB | 24/51 kB | 19/25 kB | 16/33 kBProgress (5): 24/182 kB | 16/431 kB | 24/51 kB | 21/25 kB | 16/33 kBProgress (5): 24/182 kB | 16/431 kB | 24/51 kB | 24/25 kB | 16/33 kBProgress (5): 24/182 kB | 16/431 kB | 24/51 kB | 25 kB | 16/33 kB   Progress (5): 24/182 kB | 19/431 kB | 24/51 kB | 25 kB | 16/33 kBProgress (5): 24/182 kB | 21/431 kB | 24/51 kB | 25 kB | 16/33 kBProgress (5): 24/182 kB | 24/431 kB | 24/51 kB | 25 kB | 16/33 kBProgress (5): 24/182 kB | 24/431 kB | 24/51 kB | 25 kB | 20/33 kBProgress (5): 24/182 kB | 24/431 kB | 24/51 kB | 25 kB | 24/33 kBProgress (5): 24/182 kB | 24/431 kB | 24/51 kB | 25 kB | 28/33 kBProgress (5): 24/182 kB | 24/431 kB | 24/51 kB | 25 kB | 32/33 kBProgress (5): 24/182 kB | 24/431 kB | 24/51 kB | 25 kB | 33 kB   Progress (5): 27/182 kB | 24/431 kB | 24/51 kB | 25 kB | 33 kBProgress (5): 30/182 kB | 24/431 kB | 24/51 kB | 25 kB | 33 kBProgress (5): 32/182 kB | 24/431 kB | 24/51 kB | 25 kB | 33 kBProgress (5): 32/182 kB | 27/431 kB | 24/51 kB | 25 kB | 33 kBProgress (5): 35/182 kB | 27/431 kB | 24/51 kB | 25 kB | 33 kBProgress (5): 35/182 kB | 27/431 kB | 27/51 kB | 25 kB | 33 kBProgress (5): 35/182 kB | 27/431 kB | 30/51 kB | 25 kB | 33 kBProgress (5): 35/182 kB | 30/431 kB | 30/51 kB | 25 kB | 33 kBProgress (5): 35/182 kB | 32/431 kB | 30/51 kB | 25 kB | 33 kBProgress (5): 38/182 kB | 32/431 kB | 30/51 kB | 25 kB | 33 kBProgress (5): 40/182 kB | 32/431 kB | 30/51 kB | 25 kB | 33 kBProgress (5): 43/182 kB | 32/431 kB | 30/51 kB | 25 kB | 33 kBProgress (5): 46/182 kB | 32/431 kB | 30/51 kB | 25 kB | 33 kBProgress (5): 49/182 kB | 32/431 kB | 30/51 kB | 25 kB | 33 kBProgress (5): 49/182 kB | 32/431 kB | 32/51 kB | 25 kB | 33 kBProgress (5): 49/182 kB | 32/431 kB | 35/51 kB | 25 kB | 33 kBProgress (5): 49/182 kB | 32/431 kB | 38/51 kB | 25 kB | 33 kBProgress (5): 49/182 kB | 32/431 kB | 40/51 kB | 25 kB | 33 kBProgress (5): 49/182 kB | 35/431 kB | 40/51 kB | 25 kB | 33 kBProgress (5): 49/182 kB | 38/431 kB | 40/51 kB | 25 kB | 33 kBProgress (5): 49/182 kB | 40/431 kB | 40/51 kB | 25 kB | 33 kBProgress (5): 49/182 kB | 43/431 kB | 40/51 kB | 25 kB | 33 kB                                                              Downloaded from central: https://repo.maven.apache.org/maven2/xpp3/xpp3_min/1.1.4c/xpp3_min-1.1.4c.jar (25 kB at 33 kB/s)
Progress (4): 49/182 kB | 46/431 kB | 40/51 kB | 33 kBProgress (4): 49/182 kB | 49/431 kB | 40/51 kB | 33 kBProgress (4): 49/182 kB | 49/431 kB | 43/51 kB | 33 kBProgress (4): 49/182 kB | 49/431 kB | 46/51 kB | 33 kBProgress (4): 49/182 kB | 49/431 kB | 49/51 kB | 33 kBProgress (4): 49/182 kB | 49/431 kB | 51 kB | 33 kB   Progress (4): 53/182 kB | 49/431 kB | 51 kB | 33 kBProgress (4): 57/182 kB | 49/431 kB | 51 kB | 33 kBProgress (4): 61/182 kB | 49/431 kB | 51 kB | 33 kBProgress (4): 65/182 kB | 49/431 kB | 51 kB | 33 kB                                                   Downloaded from central: https://repo.maven.apache.org/maven2/org/apache/maven/shared/maven-filtering/1.0-beta-2/maven-filtering-1.0-beta-2.jar (33 kB at 43 kB/s)
Progress (3): 65/182 kB | 53/431 kB | 51 kBProgress (3): 65/182 kB | 57/431 kB | 51 kBProgress (3): 65/182 kB | 61/431 kB | 51 kBProgress (3): 65/182 kB | 65/431 kB | 51 kBProgress (3): 69/182 kB | 65/431 kB | 51 kBProgress (3): 73/182 kB | 65/431 kB | 51 kBProgress (3): 77/182 kB | 65/431 kB | 51 kBProgress (3): 81/182 kB | 65/431 kB | 51 kBProgress (3): 81/182 kB | 69/431 kB | 51 kBProgress (3): 81/182 kB | 73/431 kB | 51 kBProgress (3): 81/182 kB | 77/431 kB | 51 kBProgress (3): 81/182 kB | 81/431 kB | 51 kBProgress (3): 85/182 kB | 81/431 kB | 51 kBProgress (3): 90/182 kB | 81/431 kB | 51 kBProgress (3): 94/182 kB | 81/431 kB | 51 kBProgress (3): 98/182 kB | 81/431 kB | 51 kBProgress (3): 98/182 kB | 85/431 kB | 51 kBProgress (3): 98/182 kB | 90/431 kB | 51 kBProgress (3): 98/182 kB | 94/431 kB | 51 kBProgress (3): 98/182 kB | 98/431 kB | 51 kBProgress (3): 102/182 kB | 98/431 kB | 51 kBProgress (3): 106/182 kB | 98/431 kB | 51 kBProgress (3): 110/182 kB | 98/431 kB | 51 kBProgress (3): 114/182 kB | 98/431 kB | 51 kBProgress (3): 114/182 kB | 102/431 kB | 51 kBProgress (3): 114/182 kB | 106/431 kB | 51 kBProgress (3): 114/182 kB | 110/431 kB | 51 kBProgress (3): 114/182 kB | 114/431 kB | 51 kBProgress (3): 118/182 kB | 114/431 kB | 51 kBProgress (3): 122/182 kB | 114/431 kB | 51 kBProgress (3): 126/182 kB | 114/431 kB | 51 kBProgress (3): 131/182 kB | 114/431 kB | 51 kBProgress (3): 131/182 kB | 118/431 kB | 51 kBProgress (3): 131/182 kB | 122/431 kB | 51 kBProgress (3): 131/182 kB | 126/431 kB | 51 kBProgress (3): 131/182 kB | 131/431 kB | 51 kB                                             Downloaded from central: https://repo.maven.apache.org/maven2/org/codehaus/plexus/plexus-io/1.0.1/plexus-io-1.0.1.jar (51 kB at 53 kB/s)
Progress (2): 135/182 kB | 131/431 kBProgress (2): 139/182 kB | 131/431 kBProgress (2): 143/182 kB | 131/431 kBProgress (2): 147/182 kB | 131/431 kBProgress (2): 147/182 kB | 135/431 kBProgress (2): 147/182 kB | 139/431 kBProgress (2): 147/182 kB | 143/431 kBProgress (2): 147/182 kB | 147/431 kBProgress (2): 151/182 kB | 147/431 kBProgress (2): 155/182 kB | 147/431 kBProgress (2): 159/182 kB | 147/431 kBProgress (2): 163/182 kB | 147/431 kBProgress (2): 163/182 kB | 151/431 kBProgress (2): 163/182 kB | 155/431 kBProgress (2): 163/182 kB | 159/431 kBProgress (2): 163/182 kB | 163/431 kBProgress (2): 167/182 kB | 163/431 kBProgress (2): 171/182 kB | 163/431 kBProgress (2): 176/182 kB | 163/431 kBProgress (2): 180/182 kB | 163/431 kBProgress (2): 182 kB | 163/431 kB    Progress (2): 182 kB | 167/431 kBProgress (2): 182 kB | 171/431 kBProgress (2): 182 kB | 176/431 kBProgress (2): 182 kB | 180/431 kBProgress (2): 182 kB | 184/431 kBProgress (2): 182 kB | 188/431 kBProgress (2): 182 kB | 192/431 kBProgress (2): 182 kB | 196/431 kBProgress (2): 182 kB | 200/431 kBProgress (2): 182 kB | 204/431 kBProgress (2): 182 kB | 208/431 kBProgress (2): 182 kB | 212/431 kBProgress (2): 182 kB | 217/431 kBProgress (2): 182 kB | 221/431 kBProgress (2): 182 kB | 225/431 kBProgress (2): 182 kB | 229/431 kBProgress (2): 182 kB | 233/431 kBProgress (2): 182 kB | 237/431 kBProgress (2): 182 kB | 241/431 kBProgress (2): 182 kB | 245/431 kBProgress (2): 182 kB | 249/431 kBProgress (2): 182 kB | 253/431 kBProgress (2): 182 kB | 257/431 kBProgress (2): 182 kB | 262/431 kBProgress (2): 182 kB | 266/431 kBProgress (2): 182 kB | 270/431 kBProgress (2): 182 kB | 274/431 kBProgress (2): 182 kB | 278/431 kBProgress (2): 182 kB | 282/431 kBProgress (2): 182 kB | 286/431 kBProgress (2): 182 kB | 290/431 kBProgress (2): 182 kB | 294/431 kBProgress (2): 182 kB | 298/431 kBProgress (2): 182 kB | 303/431 kBProgress (2): 182 kB | 307/431 kBProgress (2): 182 kB | 311/431 kBProgress (2): 182 kB | 315/431 kBProgress (2): 182 kB | 319/431 kBProgress (2): 182 kB | 323/431 kBProgress (2): 182 kB | 327/431 kBProgress (2): 182 kB | 331/431 kBProgress (2): 182 kB | 335/431 kBProgress (2): 182 kB | 339/431 kBProgress (2): 182 kB | 343/431 kBProgress (2): 182 kB | 348/431 kBProgress (2): 182 kB | 352/431 kBProgress (2): 182 kB | 356/431 kBProgress (2): 182 kB | 360/431 kBProgress (2): 182 kB | 364/431 kBProgress (2): 182 kB | 368/431 kBProgress (2): 182 kB | 372/431 kBProgress (2): 182 kB | 376/431 kBProgress (2): 182 kB | 380/431 kBProgress (2): 182 kB | 384/431 kBProgress (2): 182 kB | 389/431 kBProgress (2): 182 kB | 393/431 kB                                 Downloaded from central: https://repo.maven.apache.org/maven2/org/codehaus/plexus/plexus-archiver/1.2/plexus-archiver-1.2.jar (182 kB at 156 kB/s)
Progress (1): 397/431 kBProgress (1): 401/431 kBProgress (1): 405/431 kBProgress (1): 409/431 kBProgress (1): 413/431 kBProgress (1): 417/431 kBProgress (1): 421/431 kBProgress (1): 425/431 kBProgress (1): 429/431 kBProgress (1): 431 kB                        Downloaded from central: https://repo.maven.apache.org/maven2/com/thoughtworks/xstream/xstream/1.3.1/xstream-1.3.1.jar (431 kB at 317 kB/s)
[INFO] Packaging webapp
[INFO] Assembling webapp [hello-world-war] in [/var/lib/jenkins/workspace/deployTomcatWar/target/hello-world-war-1.0.0]
[INFO] Processing war project
[INFO] Copying webapp resources [/var/lib/jenkins/workspace/deployTomcatWar/src/main/webapp]
[INFO] Webapp assembled in [122 msecs]
[INFO] Building war: /var/lib/jenkins/workspace/deployTomcatWar/target/hello-world-war-1.0.0.war
[INFO] WEB-INF/web.xml already added, skipping
[INFO] 
[8mha:////4G8Tn3bS97KtouGa/NRoiKMxLmfUG+0IoObKJkbcqGQRAAAAYB+LCAAAAAAAAP9b85aBtbiIQSmjNKU4P0+vJLE4u1gvPjexLDVPzxdEGvvmZ+X75Zek2mxOX+vh68DGxMBQUcQgBdWQnJ9XnJ+TqucMoUEKGSCAEaSwAAAn9LoiYAAAAA==[0m[INFO] --- maven-install-plugin:2.4:install (default-install) @ hello-world-war ---
[INFO] Installing /var/lib/jenkins/workspace/deployTomcatWar/target/hello-world-war-1.0.0.war to /var/lib/jenkins/.m2/repository/com/efsavage/hello-world-war/1.0.0/hello-world-war-1.0.0.war
[INFO] Installing /var/lib/jenkins/workspace/deployTomcatWar/pom.xml to /var/lib/jenkins/.m2/repository/com/efsavage/hello-world-war/1.0.0/hello-world-war-1.0.0.pom
[INFO] ------------------------------------------------------------------------
[INFO] BUILD SUCCESS
[INFO] ------------------------------------------------------------------------
[INFO] Total time:  16.117 s
[INFO] Finished at: 2022-02-28T19:23:30Z
[INFO] ------------------------------------------------------------------------
[DeployPublisher][INFO] Attempting to deploy 2 war file(s)
[DeployPublisher][INFO] Deploying /var/lib/jenkins/workspace/deployTomcatWar/dist/hello-world.war to container Tomcat 8.x Remote with context javaproject
ERROR: Build step failed with exception
org.codehaus.cargo.container.ContainerException: Failed to redeploy [/var/lib/jenkins/workspace/deployTomcatWar/dist/hello-world.war]
	at org.codehaus.cargo.container.tomcat.internal.AbstractTomcatManagerDeployer.redeploy(AbstractTomcatManagerDeployer.java:176)
	at hudson.plugins.deploy.CargoContainerAdapter.deploy(CargoContainerAdapter.java:81)
	at hudson.plugins.deploy.CargoContainerAdapter$DeployCallable.invoke(CargoContainerAdapter.java:167)
	at hudson.plugins.deploy.CargoContainerAdapter$DeployCallable.invoke(CargoContainerAdapter.java:136)
	at hudson.FilePath.act(FilePath.java:1165)
	at hudson.FilePath.act(FilePath.java:1148)
	at hudson.plugins.deploy.CargoContainerAdapter.redeployFile(CargoContainerAdapter.java:133)
	at hudson.plugins.deploy.PasswordProtectedAdapterCargo.redeployFile(PasswordProtectedAdapterCargo.java:95)
	at hudson.plugins.deploy.DeployPublisher.perform(DeployPublisher.java:113)
	at jenkins.tasks.SimpleBuildStep.perform(SimpleBuildStep.java:123)
	at hudson.tasks.BuildStepCompatibilityLayer.perform(BuildStepCompatibilityLayer.java:80)
	at hudson.tasks.BuildStepMonitor$3.perform(BuildStepMonitor.java:45)
	at hudson.model.AbstractBuild$AbstractBuildExecution.perform(AbstractBuild.java:803)
	at hudson.model.AbstractBuild$AbstractBuildExecution.performAllBuildSteps(AbstractBuild.java:752)
	at hudson.model.Build$BuildExecution.post2(Build.java:177)
	at hudson.model.AbstractBuild$AbstractBuildExecution.post(AbstractBuild.java:697)
	at hudson.model.Run.execute(Run.java:1931)
	at hudson.model.FreeStyleBuild.run(FreeStyleBuild.java:43)
	at hudson.model.ResourceController.execute(ResourceController.java:97)
	at hudson.model.Executor.run(Executor.java:429)
Caused by: org.codehaus.cargo.container.tomcat.internal.TomcatManagerException: The username you provided is not allowed to use the text-based Tomcat Manager (error 403)
	at org.codehaus.cargo.container.tomcat.internal.TomcatManager.invoke(TomcatManager.java:710)
	at org.codehaus.cargo.container.tomcat.internal.TomcatManager.list(TomcatManager.java:882)
	at org.codehaus.cargo.container.tomcat.internal.TomcatManager.getStatus(TomcatManager.java:895)
	at org.codehaus.cargo.container.tomcat.internal.AbstractTomcatManagerDeployer.redeploy(AbstractTomcatManagerDeployer.java:161)
	... 19 more
Caused by: java.io.IOException: Server returned HTTP response code: 403 for URL: http://65.0.168.18:8080/manager/text/list
	at sun.net.www.protocol.http.HttpURLConnection.getInputStream0(HttpURLConnection.java:1902)
	at sun.net.www.protocol.http.HttpURLConnection.getInputStream(HttpURLConnection.java:1500)
	at org.codehaus.cargo.container.tomcat.internal.TomcatManager.invoke(TomcatManager.java:577)
	... 22 more
org.codehaus.cargo.container.tomcat.internal.TomcatManagerException: The username you provided is not allowed to use the text-based Tomcat Manager (error 403)
	at org.codehaus.cargo.container.tomcat.internal.TomcatManager.invoke(TomcatManager.java:710)
	at org.codehaus.cargo.container.tomcat.internal.TomcatManager.list(TomcatManager.java:882)
	at org.codehaus.cargo.container.tomcat.internal.TomcatManager.getStatus(TomcatManager.java:895)
	at org.codehaus.cargo.container.tomcat.internal.AbstractTomcatManagerDeployer.redeploy(AbstractTomcatManagerDeployer.java:161)
	at hudson.plugins.deploy.CargoContainerAdapter.deploy(CargoContainerAdapter.java:81)
	at hudson.plugins.deploy.CargoContainerAdapter$DeployCallable.invoke(CargoContainerAdapter.java:167)
	at hudson.plugins.deploy.CargoContainerAdapter$DeployCallable.invoke(CargoContainerAdapter.java:136)
	at hudson.FilePath.act(FilePath.java:1165)
	at hudson.FilePath.act(FilePath.java:1148)
	at hudson.plugins.deploy.CargoContainerAdapter.redeployFile(CargoContainerAdapter.java:133)
	at hudson.plugins.deploy.PasswordProtectedAdapterCargo.redeployFile(PasswordProtectedAdapterCargo.java:95)
	at hudson.plugins.deploy.DeployPublisher.perform(DeployPublisher.java:113)
	at jenkins.tasks.SimpleBuildStep.perform(SimpleBuildStep.java:123)
	at hudson.tasks.BuildStepCompatibilityLayer.perform(BuildStepCompatibilityLayer.java:80)
	at hudson.tasks.BuildStepMonitor$3.perform(BuildStepMonitor.java:45)
	at hudson.model.AbstractBuild$AbstractBuildExecution.perform(AbstractBuild.java:803)
	at hudson.model.AbstractBuild$AbstractBuildExecution.performAllBuildSteps(AbstractBuild.java:752)
	at hudson.model.Build$BuildExecution.post2(Build.java:177)
	at hudson.model.AbstractBuild$AbstractBuildExecution.post(AbstractBuild.java:697)
	at hudson.model.Run.execute(Run.java:1931)
	at hudson.model.FreeStyleBuild.run(FreeStyleBuild.java:43)
	at hudson.model.ResourceController.execute(ResourceController.java:97)
	at hudson.model.Executor.run(Executor.java:429)
Caused by: java.io.IOException: Server returned HTTP response code: 403 for URL: http://65.0.168.18:8080/manager/text/list
	at sun.net.www.protocol.http.HttpURLConnection.getInputStream0(HttpURLConnection.java:1902)
	at sun.net.www.protocol.http.HttpURLConnection.getInputStream(HttpURLConnection.java:1500)
	at org.codehaus.cargo.container.tomcat.internal.TomcatManager.invoke(TomcatManager.java:577)
	... 22 more
Build step 'Deploy war/ear to a container' marked build as failure
Finished: FAILURE
