Started by user [8mha:////4DedyUxqxdhxmt/KjM/DP8ygM0ICR00WXUb4TMp/IP3KAAAAlh+LCAAAAAAAAP9b85aBtbiIQTGjNKU4P08vOT+vOD8nVc83PyU1x6OyILUoJzMv2y+/JJUBAhiZGBgqihhk0NSjKDWzXb3RdlLBUSYGJk8GtpzUvPSSDB8G5tKinBIGIZ+sxLJE/ZzEvHT94JKizLx0a6BxUmjGOUNodHsLgAyOEgYu/dLi1CL9xKSMTADbVaqevwAAAA==[0mAbhilash
Running as SYSTEM
Building on master in workspace /var/lib/jenkins/workspace/deployTomcatWar
The recommended git tool is: NONE
No credentials specified
 > /usr/bin/git rev-parse --resolve-git-dir /var/lib/jenkins/workspace/deployTomcatWar/.git # timeout=10
Fetching changes from the remote Git repository
 > /usr/bin/git config remote.origin.url https://github.com/meetabhilash/javaproject.git # timeout=10
Fetching upstream changes from https://github.com/meetabhilash/javaproject.git
 > /usr/bin/git --version # timeout=10
 > git --version # 'git version 2.27.0'
 > /usr/bin/git fetch --tags --force --progress -- https://github.com/meetabhilash/javaproject.git +refs/heads/*:refs/remotes/origin/* # timeout=10
 > /usr/bin/git rev-parse refs/remotes/origin/master^{commit} # timeout=10
Checking out Revision 40ed9f0fa7ec579e0915cad7b27561de8392c5ae (refs/remotes/origin/master)
 > /usr/bin/git config core.sparsecheckout # timeout=10
 > /usr/bin/git checkout -f 40ed9f0fa7ec579e0915cad7b27561de8392c5ae # timeout=10
Commit message: "Update Application.java"
 > /usr/bin/git rev-list --no-walk 40ed9f0fa7ec579e0915cad7b27561de8392c5ae # timeout=10
Unpacking https://repo.maven.apache.org/maven2/org/apache/maven/apache-maven/3.8.4/apache-maven-3.8.4-bin.zip to /var/lib/jenkins/tools/hudson.tasks.Maven_MavenInstallation/maven1 on Jenkins
[deployTomcatWar] $ /var/lib/jenkins/tools/hudson.tasks.Maven_MavenInstallation/maven1/bin/mvn clean install
[INFO] Scanning for projects...
[INFO] 
[INFO] ---------------------< sample.program:simple-app >----------------------
[INFO] Building simple-app 1.0
[INFO] --------------------------------[ jar ]---------------------------------
Downloading from central: https://repo.maven.apache.org/maven2/org/apache/maven/plugins/maven-install-plugin/2.4/maven-install-plugin-2.4.pom
Progress (1): 2.7/6.4 kBProgress (1): 5.5/6.4 kBProgress (1): 6.4 kB                        Downloaded from central: https://repo.maven.apache.org/maven2/org/apache/maven/plugins/maven-install-plugin/2.4/maven-install-plugin-2.4.pom (6.4 kB at 4.1 kB/s)
Downloading from central: https://repo.maven.apache.org/maven2/org/apache/maven/plugins/maven-install-plugin/2.4/maven-install-plugin-2.4.jar
Progress (1): 2.7/27 kBProgress (1): 5.5/27 kBProgress (1): 8.2/27 kBProgress (1): 11/27 kB Progress (1): 14/27 kBProgress (1): 16/27 kBProgress (1): 19/27 kBProgress (1): 21/27 kBProgress (1): 24/27 kBProgress (1): 27/27 kBProgress (1): 27 kB                      Downloaded from central: https://repo.maven.apache.org/maven2/org/apache/maven/plugins/maven-install-plugin/2.4/maven-install-plugin-2.4.jar (27 kB at 62 kB/s)
[INFO] 
[8mha:////4G8Tn3bS97KtouGa/NRoiKMxLmfUG+0IoObKJkbcqGQRAAAAYB+LCAAAAAAAAP9b85aBtbiIQSmjNKU4P0+vJLE4u1gvPjexLDVPzxdEGvvmZ+X75Zek2mxOX+vh68DGxMBQUcQgBdWQnJ9XnJ+TqucMoUEKGSCAEaSwAAAn9LoiYAAAAA==[0m[INFO] --- maven-clean-plugin:2.5:clean (default-clean) @ simple-app ---
[INFO] Deleting /var/lib/jenkins/workspace/deployTomcatWar/target
[INFO] 
[8mha:////4G8Tn3bS97KtouGa/NRoiKMxLmfUG+0IoObKJkbcqGQRAAAAYB+LCAAAAAAAAP9b85aBtbiIQSmjNKU4P0+vJLE4u1gvPjexLDVPzxdEGvvmZ+X75Zek2mxOX+vh68DGxMBQUcQgBdWQnJ9XnJ+TqucMoUEKGSCAEaSwAAAn9LoiYAAAAA==[0m[INFO] --- maven-resources-plugin:2.6:resources (default-resources) @ simple-app ---
[8mha:////4LcKy3RBDpor74rBq6WjcQ2IrtIGkbn9HXOKPt6codHoAAAAYh+LCAAAAAAAAP9b85aBtbiIQSWjNKU4P0+vJLE4u1gvPjexLDVPzxdEhicW5WXmpfvll6SeOJwgmrt9CSsTA0NFEYMUVEtyfl5xfk6qnjOEBilkgABGkMICAEQzmI1iAAAA[0m[WARNING] Using platform encoding (UTF-8 actually) to copy filtered resources, i.e. build is platform dependent!
[INFO] Copying 1 resource
[INFO] 
[8mha:////4G8Tn3bS97KtouGa/NRoiKMxLmfUG+0IoObKJkbcqGQRAAAAYB+LCAAAAAAAAP9b85aBtbiIQSmjNKU4P0+vJLE4u1gvPjexLDVPzxdEGvvmZ+X75Zek2mxOX+vh68DGxMBQUcQgBdWQnJ9XnJ+TqucMoUEKGSCAEaSwAAAn9LoiYAAAAA==[0m[INFO] --- maven-compiler-plugin:3.1:compile (default-compile) @ simple-app ---
[INFO] Changes detected - recompiling the module!
[8mha:////4LcKy3RBDpor74rBq6WjcQ2IrtIGkbn9HXOKPt6codHoAAAAYh+LCAAAAAAAAP9b85aBtbiIQSWjNKU4P0+vJLE4u1gvPjexLDVPzxdEhicW5WXmpfvll6SeOJwgmrt9CSsTA0NFEYMUVEtyfl5xfk6qnjOEBilkgABGkMICAEQzmI1iAAAA[0m[WARNING] File encoding has not been set, using platform encoding UTF-8, i.e. build is platform dependent!
[INFO] Compiling 1 source file to /var/lib/jenkins/workspace/deployTomcatWar/target/classes
[INFO] 
[8mha:////4G8Tn3bS97KtouGa/NRoiKMxLmfUG+0IoObKJkbcqGQRAAAAYB+LCAAAAAAAAP9b85aBtbiIQSmjNKU4P0+vJLE4u1gvPjexLDVPzxdEGvvmZ+X75Zek2mxOX+vh68DGxMBQUcQgBdWQnJ9XnJ+TqucMoUEKGSCAEaSwAAAn9LoiYAAAAA==[0m[INFO] --- maven-resources-plugin:2.6:testResources (default-testResources) @ simple-app ---
[8mha:////4LcKy3RBDpor74rBq6WjcQ2IrtIGkbn9HXOKPt6codHoAAAAYh+LCAAAAAAAAP9b85aBtbiIQSWjNKU4P0+vJLE4u1gvPjexLDVPzxdEhicW5WXmpfvll6SeOJwgmrt9CSsTA0NFEYMUVEtyfl5xfk6qnjOEBilkgABGkMICAEQzmI1iAAAA[0m[WARNING] Using platform encoding (UTF-8 actually) to copy filtered resources, i.e. build is platform dependent!
[INFO] Copying 1 resource
[INFO] 
[8mha:////4G8Tn3bS97KtouGa/NRoiKMxLmfUG+0IoObKJkbcqGQRAAAAYB+LCAAAAAAAAP9b85aBtbiIQSmjNKU4P0+vJLE4u1gvPjexLDVPzxdEGvvmZ+X75Zek2mxOX+vh68DGxMBQUcQgBdWQnJ9XnJ+TqucMoUEKGSCAEaSwAAAn9LoiYAAAAA==[0m[INFO] --- maven-compiler-plugin:3.1:testCompile (default-testCompile) @ simple-app ---
[INFO] Changes detected - recompiling the module!
[8mha:////4LcKy3RBDpor74rBq6WjcQ2IrtIGkbn9HXOKPt6codHoAAAAYh+LCAAAAAAAAP9b85aBtbiIQSWjNKU4P0+vJLE4u1gvPjexLDVPzxdEhicW5WXmpfvll6SeOJwgmrt9CSsTA0NFEYMUVEtyfl5xfk6qnjOEBilkgABGkMICAEQzmI1iAAAA[0m[WARNING] File encoding has not been set, using platform encoding UTF-8, i.e. build is platform dependent!
[INFO] Compiling 1 source file to /var/lib/jenkins/workspace/deployTomcatWar/target/test-classes
[INFO] 
[8mha:////4G8Tn3bS97KtouGa/NRoiKMxLmfUG+0IoObKJkbcqGQRAAAAYB+LCAAAAAAAAP9b85aBtbiIQSmjNKU4P0+vJLE4u1gvPjexLDVPzxdEGvvmZ+X75Zek2mxOX+vh68DGxMBQUcQgBdWQnJ9XnJ+TqucMoUEKGSCAEaSwAAAn9LoiYAAAAA==[0m[INFO] --- maven-surefire-plugin:2.12.4:test (default-test) @ simple-app ---
[INFO] Surefire report directory: /var/lib/jenkins/workspace/deployTomcatWar/target/surefire-reports

-------------------------------------------------------
 T E S T S
-------------------------------------------------------
Running program.sample.controller.ApplicationTest
Multiplication of 10,20 is: 200
Addition of 10,20 is: 30
Tests run: 2, Failures: 0, Errors: 0, Skipped: 0, Time elapsed: 0.106 sec

Results :

Tests run: 2, Failures: 0, Errors: 0, Skipped: 0

[INFO] 
[8mha:////4G8Tn3bS97KtouGa/NRoiKMxLmfUG+0IoObKJkbcqGQRAAAAYB+LCAAAAAAAAP9b85aBtbiIQSmjNKU4P0+vJLE4u1gvPjexLDVPzxdEGvvmZ+X75Zek2mxOX+vh68DGxMBQUcQgBdWQnJ9XnJ+TqucMoUEKGSCAEaSwAAAn9LoiYAAAAA==[0m[INFO] --- maven-jar-plugin:2.4:jar (default-jar) @ simple-app ---
[INFO] Building jar: /var/lib/jenkins/workspace/deployTomcatWar/target/simple-app-1.0.jar
[INFO] 
[8mha:////4G8Tn3bS97KtouGa/NRoiKMxLmfUG+0IoObKJkbcqGQRAAAAYB+LCAAAAAAAAP9b85aBtbiIQSmjNKU4P0+vJLE4u1gvPjexLDVPzxdEGvvmZ+X75Zek2mxOX+vh68DGxMBQUcQgBdWQnJ9XnJ+TqucMoUEKGSCAEaSwAAAn9LoiYAAAAA==[0m[INFO] --- maven-install-plugin:2.4:install (default-install) @ simple-app ---
Downloading from central: https://repo.maven.apache.org/maven2/org/codehaus/plexus/plexus-utils/3.0.5/plexus-utils-3.0.5.pom
Progress (1): 2.5 kB                    Downloaded from central: https://repo.maven.apache.org/maven2/org/codehaus/plexus/plexus-utils/3.0.5/plexus-utils-3.0.5.pom (2.5 kB at 6.6 kB/s)
Downloading from central: https://repo.maven.apache.org/maven2/org/codehaus/plexus/plexus/3.1/plexus-3.1.pom
Progress (1): 2.7/19 kBProgress (1): 5.5/19 kBProgress (1): 8.2/19 kBProgress (1): 11/19 kB Progress (1): 14/19 kBProgress (1): 16/19 kBProgress (1): 19/19 kBProgress (1): 19 kB                      Downloaded from central: https://repo.maven.apache.org/maven2/org/codehaus/plexus/plexus/3.1/plexus-3.1.pom (19 kB at 49 kB/s)
Downloading from central: https://repo.maven.apache.org/maven2/org/codehaus/plexus/plexus-digest/1.0/plexus-digest-1.0.pom
Progress (1): 1.1 kB                    Downloaded from central: https://repo.maven.apache.org/maven2/org/codehaus/plexus/plexus-digest/1.0/plexus-digest-1.0.pom (1.1 kB at 3.0 kB/s)
Downloading from central: https://repo.maven.apache.org/maven2/org/codehaus/plexus/plexus-components/1.1.7/plexus-components-1.1.7.pom
Progress (1): 4.1/5.0 kBProgress (1): 5.0 kB                        Downloaded from central: https://repo.maven.apache.org/maven2/org/codehaus/plexus/plexus-components/1.1.7/plexus-components-1.1.7.pom (5.0 kB at 14 kB/s)
Downloading from central: https://repo.maven.apache.org/maven2/org/codehaus/plexus/plexus/1.0.8/plexus-1.0.8.pom
Progress (1): 4.1/7.2 kBProgress (1): 7.2 kB                        Downloaded from central: https://repo.maven.apache.org/maven2/org/codehaus/plexus/plexus/1.0.8/plexus-1.0.8.pom (7.2 kB at 20 kB/s)
Downloading from central: https://repo.maven.apache.org/maven2/org/codehaus/plexus/plexus-container-default/1.0-alpha-8/plexus-container-default-1.0-alpha-8.pom
Progress (1): 4.1/7.3 kBProgress (1): 7.3 kB                        Downloaded from central: https://repo.maven.apache.org/maven2/org/codehaus/plexus/plexus-container-default/1.0-alpha-8/plexus-container-default-1.0-alpha-8.pom (7.3 kB at 20 kB/s)
Downloading from central: https://repo.maven.apache.org/maven2/org/codehaus/plexus/plexus-utils/3.0.5/plexus-utils-3.0.5.jar
Downloading from central: https://repo.maven.apache.org/maven2/org/codehaus/plexus/plexus-digest/1.0/plexus-digest-1.0.jar
Progress (1): 4.1/230 kBProgress (1): 8.2/230 kBProgress (1): 12/230 kB Progress (1): 16/230 kBProgress (1): 20/230 kBProgress (1): 24/230 kBProgress (1): 28/230 kBProgress (1): 32/230 kBProgress (1): 36/230 kBProgress (1): 40/230 kBProgress (1): 45/230 kBProgress (1): 49/230 kBProgress (1): 53/230 kBProgress (1): 57/230 kBProgress (1): 61/230 kBProgress (1): 65/230 kBProgress (1): 69/230 kBProgress (1): 73/230 kBProgress (1): 77/230 kBProgress (1): 81/230 kBProgress (1): 85/230 kBProgress (1): 90/230 kBProgress (1): 94/230 kBProgress (1): 98/230 kBProgress (1): 102/230 kBProgress (1): 106/230 kBProgress (1): 110/230 kBProgress (1): 114/230 kBProgress (1): 118/230 kBProgress (1): 122/230 kBProgress (1): 126/230 kBProgress (1): 131/230 kBProgress (1): 135/230 kBProgress (1): 139/230 kBProgress (1): 143/230 kBProgress (1): 147/230 kBProgress (1): 151/230 kBProgress (1): 155/230 kBProgress (1): 159/230 kBProgress (1): 163/230 kBProgress (1): 167/230 kBProgress (1): 171/230 kBProgress (1): 176/230 kBProgress (1): 180/230 kBProgress (1): 184/230 kBProgress (1): 188/230 kBProgress (1): 192/230 kBProgress (1): 196/230 kBProgress (2): 196/230 kB | 2.7/12 kBProgress (2): 196/230 kB | 5.5/12 kBProgress (2): 196/230 kB | 8.2/12 kBProgress (2): 196/230 kB | 11/12 kB Progress (2): 196/230 kB | 12 kB   Progress (2): 200/230 kB | 12 kBProgress (2): 204/230 kB | 12 kBProgress (2): 208/230 kB | 12 kBProgress (2): 212/230 kB | 12 kBProgress (2): 217/230 kB | 12 kBProgress (2): 221/230 kB | 12 kBProgress (2): 225/230 kB | 12 kBProgress (2): 229/230 kB | 12 kBProgress (2): 230 kB | 12 kB                                Downloaded from central: https://repo.maven.apache.org/maven2/org/codehaus/plexus/plexus-digest/1.0/plexus-digest-1.0.jar (12 kB at 16 kB/s)
Downloaded from central: https://repo.maven.apache.org/maven2/org/codehaus/plexus/plexus-utils/3.0.5/plexus-utils-3.0.5.jar (230 kB at 307 kB/s)
[INFO] Installing /var/lib/jenkins/workspace/deployTomcatWar/target/simple-app-1.0.jar to /var/lib/jenkins/.m2/repository/sample/program/simple-app/1.0/simple-app-1.0.jar
[INFO] Installing /var/lib/jenkins/workspace/deployTomcatWar/pom.xml to /var/lib/jenkins/.m2/repository/sample/program/simple-app/1.0/simple-app-1.0.pom
[INFO] ------------------------------------------------------------------------
[INFO] BUILD SUCCESS
[INFO] ------------------------------------------------------------------------
[INFO] Total time:  10.932 s
[INFO] Finished at: 2022-02-28T18:58:25Z
[INFO] ------------------------------------------------------------------------
ERROR: Step â€˜Deploy war/ear to a containerâ€™ aborted due to exception: 
java.lang.InterruptedException: [DeployPublisher][WARN] No wars found. Deploy aborted. %n
	at hudson.plugins.deploy.DeployPublisher.perform(DeployPublisher.java:107)
	at jenkins.tasks.SimpleBuildStep.perform(SimpleBuildStep.java:123)
	at hudson.tasks.BuildStepCompatibilityLayer.perform(BuildStepCompatibilityLayer.java:80)
	at hudson.tasks.BuildStepMonitor$3.perform(BuildStepMonitor.java:45)
	at hudson.model.AbstractBuild$AbstractBuildExecution.perform(AbstractBuild.java:803)
	at hudson.model.AbstractBuild$AbstractBuildExecution.performAllBuildSteps(AbstractBuild.java:752)
	at hudson.model.Build$BuildExecution.post2(Build.java:177)
	at hudson.model.AbstractBuild$AbstractBuildExecution.post(AbstractBuild.java:697)
	at hudson.model.Run.execute(Run.java:1931)
	at hudson.model.FreeStyleBuild.run(FreeStyleBuild.java:43)
	at hudson.model.ResourceController.execute(ResourceController.java:97)
	at hudson.model.Executor.run(Executor.java:429)
Finished: FAILURE
